Start testing: Mar 17 01:33 GMT
----------------------------------------------------------
1/1 Testing: INITtest.InitialTest
1/1 Test: INITtest.InitialTest
Command: "/home/claudio/Projects/cpp/Tensile/build/tests/InitTest" "--gtest_filter=INITtest.InitialTest" "--gtest_also_run_disabled_tests"
Directory: /home/claudio/Projects/cpp/Tensile/build/tests
"INITtest.InitialTest" start time: Mar 17 01:33 GMT
Output:
----------------------------------------------------------
Running main() from /home/claudio/Projects/cpp/Tensile/build/_deps/googletest-src/googletest/src/gtest_main.cc
Note: Google Test filter = INITtest.InitialTest
[==========] Running 1 test from 1 test suite.
[----------] Global test environment set-up.
[----------] 1 test from INITtest
[ RUN      ] INITtest.InitialTest
[       OK ] INITtest.InitialTest (0 ms)
[----------] 1 test from INITtest (0 ms total)

[----------] Global test environment tear-down
[==========] 1 test from 1 test suite ran. (0 ms total)
[  PASSED  ] 1 test.
<end of output>
Test time =   0.00 sec
----------------------------------------------------------
Test Passed.
"INITtest.InitialTest" end time: Mar 17 01:33 GMT
"INITtest.InitialTest" time elapsed: 00:00:00
----------------------------------------------------------

End testing: Mar 17 01:33 GMT
